<?xml version="1.0" encoding="utf-8" standalone="no"?>
<!--This file represents the results of running a test suite-->
<test-results name="MarsRovers.Tests.dll" total="4" errors="0" failures="0" not-run="0" inconclusive="0" ignored="0" skipped="0" invalid="0" date="2009-11-10" time="01:06:35">
  <environment nunit-version="2.5.2.9222" clr-version="2.0.50727.4927" os-version="Microsoft Windows NT 6.1.7600.0" platform="Win32NT" cwd="C:\dev\work\ThoughtWorks\CodeSamples\MarsRovers\src\Tests\bin\Debug" machine-name="PEDRO-NOTEBOOK" user="Pedro Reys" user-domain="Pedro-Notebook" />
  <culture-info current-culture="en-US" current-uiculture="en-US" />
  <test-suite name="MarsRovers.Tests.dll" executed="True" success="True" time="0.274" asserts="0">
    <results>
      <test-suite name="MarsRovers" executed="True" success="True" time="0.258" asserts="0">
        <results>
          <test-suite name="Tests" executed="True" success="True" time="0.258" asserts="0">
            <results>
              <test-suite name="MarsRoverUnitTest" executed="True" success="True" time="0.255" asserts="0">
                <results>
                  <test-case name="MarsRovers.Tests.MarsRoverUnitTest.Should_Execute_Commands_Of_Both_Rovers" executed="True" success="True" time="0.210" asserts="1" />
                  <test-case name="MarsRovers.Tests.MarsRoverUnitTest.Should_Ignore_Moves_Outside_Plateau" executed="True" success="True" time="0.001" asserts="1" />
                  <test-case name="MarsRovers.Tests.MarsRoverUnitTest.Should_Set_the_Position_Of_Rover_From_Second_Line_Commands" executed="True" success="True" time="0.001" asserts="1" />
                  <test-case name="MarsRovers.Tests.MarsRoverUnitTest.Should_Set_The_Size_Of_The_Plateu_With_The_First_Line_Commands" executed="True" success="True" time="0.008" asserts="1" />
                </results>
              </test-suite>
            </results>
          </test-suite>
        </results>
      </test-suite>
    </results>
  </test-suite>
</test-results>